[debug] [2018-01-16T08:20:53.125Z] ----------------------------------------------------------------------
[debug] [2018-01-16T08:20:53.127Z] Command:       /Users/pamegli/.nvm/versions/node/v6.11.5/bin/node /usr/local/bin/firebase experimental:functions:shell
[debug] [2018-01-16T08:20:53.127Z] CLI Version:   3.16.0
[debug] [2018-01-16T08:20:53.127Z] Platform:      darwin
[debug] [2018-01-16T08:20:53.127Z] Node Version:  v6.11.5
[debug] [2018-01-16T08:20:53.128Z] Time:          Tue Jan 16 2018 09:20:53 GMT+0100 (CET)
[debug] [2018-01-16T08:20:53.128Z] ----------------------------------------------------------------------
[debug] 
[debug] [2018-01-16T08:20:53.137Z] > command requires scopes: ["email","openid","https://www.googleapis.com/auth/cloudplatformprojects.readonly","https://www.googleapis.com/auth/firebase","https://www.googleapis.com/auth/cloud-platform"]
[debug] [2018-01-16T08:20:53.137Z] > authorizing via signed-in user
[debug] [2018-01-16T08:20:53.139Z] >>> HTTP REQUEST GET https://admin.firebase.com/v1/projects/test-32b81  
  
 Tue Jan 16 2018 09:20:53 GMT+0100 (CET)
[debug] [2018-01-16T08:20:53.788Z] <<< HTTP RESPONSE 200
[debug] [2018-01-16T08:20:53.789Z] >>> HTTP REQUEST GET https://admin.firebase.com/v1/database/test-32b81/tokens  
  
 Tue Jan 16 2018 09:20:53 GMT+0100 (CET)
[debug] [2018-01-16T08:20:54.523Z] <<< HTTP RESPONSE 200
[info] i  functions: Preparing to emulate functions.
[debug] [2018-01-16T08:20:55.034Z] >>> HTTP REQUEST GET https://appengine.googleapis.com/v1/apps/test-32b81  
  
 Tue Jan 16 2018 09:20:55 GMT+0100 (CET)
[debug] [2018-01-16T08:20:55.034Z] >>> HTTP REQUEST GET https://apikeys.googleapis.com/v1/projects/test-32b81/apiKeys  
  
 Tue Jan 16 2018 09:20:55 GMT+0100 (CET)
[debug] [2018-01-16T08:20:55.795Z] <<< HTTP RESPONSE 200
[debug] [2018-01-16T08:20:56.026Z] <<< HTTP RESPONSE 200
[info] ✔  functions: connectRealtimeDatabase
[info] ✔  functions: connectCloudFirestore
[info] ✔  functions: watchConfigConstructorUpdates
[info] ✔  functions: connectEvents
