[debug] [2018-01-21T12:13:45.870Z] ----------------------------------------------------------------------
[debug] [2018-01-21T12:13:45.873Z] Command:       /Users/pamegli/.nvm/versions/node/v6.11.5/bin/node /usr/local/bin/firebase experimental:functions:shell
[debug] [2018-01-21T12:13:45.873Z] CLI Version:   3.16.0
[debug] [2018-01-21T12:13:45.873Z] Platform:      darwin
[debug] [2018-01-21T12:13:45.873Z] Node Version:  v6.11.5
[debug] [2018-01-21T12:13:45.874Z] Time:          Sun Jan 21 2018 13:13:45 GMT+0100 (CET)
[debug] [2018-01-21T12:13:45.874Z] ----------------------------------------------------------------------
[debug] 
[debug] [2018-01-21T12:13:45.883Z] > command requires scopes: ["email","openid","https://www.googleapis.com/auth/cloudplatformprojects.readonly","https://www.googleapis.com/auth/firebase","https://www.googleapis.com/auth/cloud-platform"]
[debug] [2018-01-21T12:13:45.884Z] > authorizing via signed-in user
[debug] [2018-01-21T12:13:45.886Z] >>> HTTP REQUEST GET https://admin.firebase.com/v1/projects/test-32b81  
  
 Sun Jan 21 2018 13:13:45 GMT+0100 (CET)
[debug] [2018-01-21T12:13:46.748Z] <<< HTTP RESPONSE 200
[debug] [2018-01-21T12:13:46.749Z] >>> HTTP REQUEST GET https://admin.firebase.com/v1/database/test-32b81/tokens  
  
 Sun Jan 21 2018 13:13:46 GMT+0100 (CET)
[debug] [2018-01-21T12:13:47.981Z] <<< HTTP RESPONSE 200
[info] i  functions: Preparing to emulate functions.
[debug] [2018-01-21T12:13:48.502Z] >>> HTTP REQUEST GET https://appengine.googleapis.com/v1/apps/test-32b81  
  
 Sun Jan 21 2018 13:13:48 GMT+0100 (CET)
[debug] [2018-01-21T12:13:48.503Z] >>> HTTP REQUEST GET https://apikeys.googleapis.com/v1/projects/test-32b81/apiKeys  
  
 Sun Jan 21 2018 13:13:48 GMT+0100 (CET)
[debug] [2018-01-21T12:13:49.469Z] <<< HTTP RESPONSE 200
[debug] [2018-01-21T12:13:49.561Z] <<< HTTP RESPONSE 200
[info] ✔  functions: connectRealtimeDatabase
[info] ✔  functions: connectCloudFirestore
[info] ✔  functions: watchConfigConstructorUpdates
[info] ✔  functions: connectEvents
[info] ✔  functions: connectQueueUpdate
