0 info it worked if it ends with ok
1 verbose cli [ '/usr/local/bin/node',
1 verbose cli   '/usr/local/bin/npm',
1 verbose cli   'version',
1 verbose cli   'patch' ]
2 info using npm@3.10.10
3 info using node@v6.11.1
4 info git [ 'status', '--porcelain' ]
5 verbose stack Error: Git working directory not clean.
5 verbose stack D build/appsapp-module.d.ts
5 verbose stack D build/appsapp-module.js
5 verbose stack D build/appsapp-module.metadata.json
5 verbose stack D build/index.d.ts
5 verbose stack D build/index.js
5 verbose stack D build/module/interfaces/messages.d.ts
5 verbose stack D build/module/interfaces/messages.js
5 verbose stack D build/module/models/persistable.d.ts
5 verbose stack D build/module/models/persistable.js
5 verbose stack D build/module/validation/validators/HasConditions.d.ts
5 verbose stack D build/module/validation/validators/HasConditions.js
5 verbose stack D build/module/validation/validators/HasDescription.d.ts
5 verbose stack D build/module/validation/validators/HasDescription.js
5 verbose stack D build/module/validation/validators/HasLabel.d.ts
5 verbose stack D build/module/validation/validators/HasLabel.js
5 verbose stack D build/module/validation/validators/HasPrecision.d.ts
5 verbose stack D build/module/validation/validators/HasPrecision.js
5 verbose stack D build/module/validation/validators/IsBirthDate.d.ts
5 verbose stack D build/module/validation/validators/IsBirthDate.js
5 verbose stack D build/module/validation/validators/IsCalendar.d.ts
5 verbose stack D build/module/validation/validators/IsCalendar.js
5 verbose stack D build/module/validation/validators/IsDateRange.d.ts
5 verbose stack D build/module/validation/validators/IsDateRange.js
5 verbose stack D build/module/validation/validators/IsList.d.ts
5 verbose stack D build/module/validation/validators/IsList.js
5 verbose stack D build/module/validation/validators/IsNumpad.d.ts
5 verbose stack D build/module/validation/validators/IsNumpad.js
5 verbose stack D build/module/validation/validators/IsPassword.d.ts
5 verbose stack D build/module/validation/validators/IsPassword.js
5 verbose stack D build/module/validation/validators/IsPhoneNumber.d.ts
5 verbose stack D build/module/validation/validators/IsPhoneNumber.js
5 verbose stack D build/module/validation/validators/IsRating.d.ts
5 verbose stack D build/module/validation/validators/IsRating.js
5 verbose stack D build/module/validation/validators/IsSelect.d.ts
5 verbose stack D build/module/validation/validators/IsSelect.js
5 verbose stack D build/module/validation/validators/IsText.d.ts
5 verbose stack D build/module/validation/validators/IsText.js
5 verbose stack M functions/package.json
5 verbose stack M src/package.json
5 verbose stack     at /usr/local/lib/node_modules/npm/lib/version.js:247:19
5 verbose stack     at /usr/local/lib/node_modules/npm/lib/utils/no-progress-while-running.js:21:8
5 verbose stack     at ChildProcess.exithandler (child_process.js:195:7)
5 verbose stack     at emitTwo (events.js:106:13)
5 verbose stack     at ChildProcess.emit (events.js:191:7)
5 verbose stack     at maybeClose (internal/child_process.js:891:16)
5 verbose stack     at Socket.<anonymous> (internal/child_process.js:342:11)
5 verbose stack     at emitOne (events.js:96:13)
5 verbose stack     at Socket.emit (events.js:188:7)
5 verbose stack     at Pipe._handle.close [as _onclose] (net.js:497:12)
6 verbose cwd /Users/pamegli/Documents/projects/appsapp.myApp/appsapp
7 error Darwin 16.7.0
8 error argv "/usr/local/bin/node" "/usr/local/bin/npm" "version" "patch"
9 error node v6.11.1
10 error npm  v3.10.10
11 error Git working directory not clean.
11 error D build/appsapp-module.d.ts
11 error D build/appsapp-module.js
11 error D build/appsapp-module.metadata.json
11 error D build/index.d.ts
11 error D build/index.js
11 error D build/module/interfaces/messages.d.ts
11 error D build/module/interfaces/messages.js
11 error D build/module/models/persistable.d.ts
11 error D build/module/models/persistable.js
11 error D build/module/validation/validators/HasConditions.d.ts
11 error D build/module/validation/validators/HasConditions.js
11 error D build/module/validation/validators/HasDescription.d.ts
11 error D build/module/validation/validators/HasDescription.js
11 error D build/module/validation/validators/HasLabel.d.ts
11 error D build/module/validation/validators/HasLabel.js
11 error D build/module/validation/validators/HasPrecision.d.ts
11 error D build/module/validation/validators/HasPrecision.js
11 error D build/module/validation/validators/IsBirthDate.d.ts
11 error D build/module/validation/validators/IsBirthDate.js
11 error D build/module/validation/validators/IsCalendar.d.ts
11 error D build/module/validation/validators/IsCalendar.js
11 error D build/module/validation/validators/IsDateRange.d.ts
11 error D build/module/validation/validators/IsDateRange.js
11 error D build/module/validation/validators/IsList.d.ts
11 error D build/module/validation/validators/IsList.js
11 error D build/module/validation/validators/IsNumpad.d.ts
11 error D build/module/validation/validators/IsNumpad.js
11 error D build/module/validation/validators/IsPassword.d.ts
11 error D build/module/validation/validators/IsPassword.js
11 error D build/module/validation/validators/IsPhoneNumber.d.ts
11 error D build/module/validation/validators/IsPhoneNumber.js
11 error D build/module/validation/validators/IsRating.d.ts
11 error D build/module/validation/validators/IsRating.js
11 error D build/module/validation/validators/IsSelect.d.ts
11 error D build/module/validation/validators/IsSelect.js
11 error D build/module/validation/validators/IsText.d.ts
11 error D build/module/validation/validators/IsText.js
11 error M functions/package.json
11 error M src/package.json
12 error If you need help, you may report this error at:
12 error     <https://github.com/npm/npm/issues>
13 verbose exit [ 1, true ]
